<?xml version="1.0" encoding="UTF-8"?>
<!-- Generated by org.testng.reporters.JUnitReportReporter -->
<testsuite hostname="LAPTOP-DOBLN3AU" failures="0" tests="2" name="com.addrBook.Tests.ValidateNewContactTest" time="3.754" errors="0" timestamp="2021-11-28T22:21:46 IST" skipped="0">
  <testcase classname="com.addrBook.Tests.ValidateNewContactTest" name="clickNewTest" time="0.545"/>
  <system-out/>
  <testcase classname="com.addrBook.Tests.ValidateNewContactTest" name="createcontacttest" time="3.209"/>
  <system-out/>
</testsuite> <!-- com.addrBook.Tests.ValidateNewContactTest -->
