<?xml version="1.0" encoding="UTF-8"?>
<!-- Generated by org.testng.reporters.JUnitReportReporter -->
<testsuite hostname="LAPTOP-DOBLN3AU" failures="0" tests="2" name="com.addrBook.Tests.ValidateTableEntryTest" time="3.690" errors="0" timestamp="2021-11-28T22:21:46 IST" skipped="0">
  <testcase classname="com.addrBook.Tests.ValidateTableEntryTest" name="emailClickTest" time="3.612"/>
  <system-out/>
  <testcase classname="com.addrBook.Tests.ValidateTableEntryTest" name="fetchPhonenumberTest" time="0.078"/>
  <system-out/>
</testsuite> <!-- com.addrBook.Tests.ValidateTableEntryTest -->
