<?xml version="1.0" encoding="UTF-8"?>
<!-- Generated by org.testng.reporters.JUnitReportReporter -->
<testsuite hostname="LAPTOP-DOBLN3AU" failures="0" tests="1" name="com.addrBook.Tests.ValidateURLTitleTest" time="0.550" errors="0" timestamp="2021-11-28T22:21:46 IST" skipped="0">
  <testcase classname="com.addrBook.Tests.ValidateURLTitleTest" name="validateTitleTest" time="0.550"/>
  <system-out/>
</testsuite> <!-- com.addrBook.Tests.ValidateURLTitleTest -->
