<?xml version="1.0" encoding="UTF-8"?>
<!-- Generated by org.testng.reporters.JUnitReportReporter -->
<testsuite hostname="LAPTOP-DOBLN3AU" failures="0" tests="1" name="com.addrBook.Base.Base" time="6.451" errors="0" timestamp="2021-11-28T21:01:15 IST" skipped="0">
  <testcase classname="com.addrBook.Base.Base" name="initialization" time="6.451"/>
  <system-out/>
</testsuite> <!-- com.addrBook.Base.Base -->
