<?xml version="1.0" encoding="UTF-8"?>
<!-- Generated by org.testng.reporters.JUnitReportReporter -->
<testsuite hostname="LAPTOP-DOBLN3AU" failures="0" tests="2" name="com.addrBook.Tests.ValidateNewContactTest" time="3.833" errors="0" timestamp="28 Nov 2021 16:57:03 GMT" skipped="0">
  <testcase classname="com.addrBook.Tests.ValidateNewContactTest" name="clickNewTest" time="1.666"/>
  <testcase classname="com.addrBook.Tests.ValidateNewContactTest" name="createcontacttest" time="2.167"/>
</testsuite> <!-- com.addrBook.Tests.ValidateNewContactTest -->
