<?xml version="1.0" encoding="UTF-8"?>
<!-- Generated by org.testng.reporters.JUnitReportReporter -->
<testsuite hostname="LAPTOP-DOBLN3AU" failures="0" tests="1" name="com.addrBook.Tests.ValidateURLTitleTest" time="0.427" errors="0" timestamp="28 Nov 2021 16:57:03 GMT" skipped="0">
  <testcase classname="com.addrBook.Tests.ValidateURLTitleTest" name="validateTitleTest" time="0.427"/>
</testsuite> <!-- com.addrBook.Tests.ValidateURLTitleTest -->
