<?xml version="1.0" encoding="UTF-8"?>
<!-- Generated by org.testng.reporters.JUnitReportReporter -->
<testsuite hostname="LAPTOP-DOBLN3AU" failures="0" tests="2" name="com.addrBook.Tests.ValidateTableEntryTest" time="5.682" errors="0" timestamp="28 Nov 2021 16:57:03 GMT" skipped="0">
  <testcase classname="com.addrBook.Tests.ValidateTableEntryTest" name="emailClickTest" time="3.628"/>
  <testcase classname="com.addrBook.Tests.ValidateTableEntryTest" name="fetchPhonenumberTest" time="2.054"/>
</testsuite> <!-- com.addrBook.Tests.ValidateTableEntryTest -->
